<?xml version="1.0" encoding="UTF-8" standalone="no"?>
<testsuite failures="0" name="cucumber.runtime.formatter.JUnitFormatter" skipped="0" tests="1" time="128.869154">
<testcase classname="MakeMyTrip Tests" name="Validate Payment options" time="128.869154">
<system-out><![CDATA[Given Launch MakeMyTrip Website.............................................passed
And User selects from "Chennai".............................................passed
And User selects to "Bengaluru".............................................passed
And User selects "May 31"...................................................passed
And User clicks on search button............................................passed
And User click on book now button...........................................passed
And User select radio button not to opt for secure trip.....................passed
And User clicks Add new Adult Button........................................passed
And User enters passenger informations - "Test", "Singh", "1234567890", "a@a.com".passed
And User clicks on continue button..........................................passed
And User confirms details...................................................passed
And User selects seats......................................................passed
And User clicks on continue button..........................................passed
And User clicks on continue button..........................................passed
And User review AddOns......................................................passed
When User clicks Proceed to pay button......................................passed
Then User must be displayed with payment options with Pay Now Button........passed
]]></system-out>
</testcase>
</testsuite>
