<?xml version="1.0" encoding="UTF-8"?>
<testng-results skipped="0" failed="0" ignored="0" total="2" passed="2">
  <reporter-output>
  </reporter-output>
  <suite name="Default suite" duration-ms="3072" started-at="2020-02-15T07:59:17Z" finished-at="2020-02-15T07:59:20Z">
    <groups>
    </groups>
    <test name="Default test" duration-ms="3072" started-at="2020-02-15T07:59:17Z" finished-at="2020-02-15T07:59:20Z">
      <class name="Test.BasicsOfRestAssured">
        <test-method status="PASS" signature="TestF1()[pri:0, instance:Test.BasicsOfRestAssured@76a3e297]" name="TestF1" duration-ms="2203" started-at="2020-02-15T07:59:17Z" finished-at="2020-02-15T07:59:20Z">
          <reporter-output>
          </reporter-output>
        </test-method> <!-- TestF1 -->
        <test-method status="PASS" signature="TestGoogle()[pri:0, instance:Test.BasicsOfRestAssured@76a3e297]" name="TestGoogle" duration-ms="821" started-at="2020-02-15T07:59:20Z" finished-at="2020-02-15T07:59:20Z">
          <reporter-output>
          </reporter-output>
        </test-method> <!-- TestGoogle -->
      </class> <!-- Test.BasicsOfRestAssured -->
    </test> <!-- Default test -->
  </suite> <!-- Default suite -->
</testng-results>
